2018-09-08 12:20:23,630 [Worker-4] INFO  c.g.t.t.d.PublishedGradleVersions - Gradle version information cache is up-to-date. Trying to read.
2018-09-08 12:21:46,874 [Worker-5] INFO  o.e.m.c.i.l.LifecycleMappingFactory - Using org.eclipse.m2e.jdt.JarLifecycleMapping lifecycle mapping for MavenProject: FreeCRM_Test_Project:FreeCRM_Test:0.0.1-SNAPSHOT @ C:\Users\Anuraag.Arora\Documents\Automation Framework-Final worked on\eclipse-workspace\ForRidwaan\pom.xml.
2018-09-08 12:21:50,064 [Worker-11] INFO  o.e.m.c.i.l.LifecycleMappingFactory - Using org.eclipse.m2e.jdt.JarLifecycleMapping lifecycle mapping for MavenProject: CityBeach_Framework:CityBeach_Framework:0.0.1-SNAPSHOT @ C:\Users\Anuraag.Arora\Documents\Automation Framework-Final worked on\eclipse-workspace\Test_Automation\pom.xml.
2018-09-08 12:21:51,878 [Worker-11] WARN  o.e.m.c.i.embedder.EclipseLogger - Using platform encoding (Cp1252 actually) to copy filtered resources, i.e. build is platform dependent!
2018-09-08 12:21:51,887 [Worker-11] INFO  o.e.m.c.i.embedder.EclipseLogger - Copying 4 resources
2018-09-08 12:21:53,569 [Worker-11] WARN  o.e.m.c.i.embedder.EclipseLogger - Using platform encoding (Cp1252 actually) to copy filtered resources, i.e. build is platform dependent!
2018-09-08 12:21:53,572 [Worker-11] INFO  o.e.m.c.i.embedder.EclipseLogger - Copying 2 resources
2018-09-08 12:21:55,535 [Worker-11] INFO  o.e.m.c.i.embedder.EclipseLogger - Using 'UTF-8' encoding to copy filtered resources.
2018-09-08 12:21:55,536 [Worker-11] INFO  o.e.m.c.i.embedder.EclipseLogger - Copying 1 resource
2018-09-08 12:21:55,538 [Worker-11] INFO  o.e.m.c.i.embedder.EclipseLogger - Using 'UTF-8' encoding to copy filtered resources.
2018-09-08 12:21:55,539 [Worker-11] INFO  o.e.m.c.i.embedder.EclipseLogger - skip non existing resourceDirectory C:\Users\Anuraag.Arora\Documents\Automation Framework-Final worked on\eclipse-workspace\ForRidwaan\src\test\resources
2018-09-08 12:21:56,017 [Worker-11] INFO  o.e.m.c.i.l.LifecycleMappingFactory - Using org.eclipse.m2e.jdt.JarLifecycleMapping lifecycle mapping for MavenProject: FreeCRM_Test_Project:FreeCRM_Test:0.0.1-SNAPSHOT @ C:\Users\Anuraag.Arora\Documents\Automation Framework-Final worked on\eclipse-workspace\FreeCRM_Test\pom.xml.
2018-09-08 12:21:56,864 [Worker-11] INFO  o.e.m.c.i.embedder.EclipseLogger - Using 'UTF-8' encoding to copy filtered resources.
2018-09-08 12:21:56,865 [Worker-11] INFO  o.e.m.c.i.embedder.EclipseLogger - Copying 2 resources
2018-09-08 12:21:56,868 [Worker-11] INFO  o.e.m.c.i.embedder.EclipseLogger - Using 'UTF-8' encoding to copy filtered resources.
2018-09-08 12:21:56,868 [Worker-11] INFO  o.e.m.c.i.embedder.EclipseLogger - skip non existing resourceDirectory C:\Users\Anuraag.Arora\Documents\Automation Framework-Final worked on\eclipse-workspace\FreeCRM_Test\src\test\resources
2018-09-08 12:21:57,383 [Worker-11] INFO  o.e.m.c.i.l.LifecycleMappingFactory - Using org.eclipse.m2e.jdt.JarLifecycleMapping lifecycle mapping for MavenProject: FreeCRM_Test_Project:FreeCRM_Test:0.0.1-SNAPSHOT @ C:\Users\Anuraag.Arora\Documents\Automation Framework-Final worked on\eclipse-workspace\Web_Automation_POM_Framework\pom.xml.
2018-09-08 12:21:58,100 [Worker-11] INFO  o.e.m.c.i.embedder.EclipseLogger - Using 'UTF-8' encoding to copy filtered resources.
2018-09-08 12:21:58,101 [Worker-11] INFO  o.e.m.c.i.embedder.EclipseLogger - Copying 2 resources
2018-09-08 12:21:58,113 [Worker-11] INFO  o.e.m.c.i.embedder.EclipseLogger - Using 'UTF-8' encoding to copy filtered resources.
2018-09-08 12:21:58,113 [Worker-11] INFO  o.e.m.c.i.embedder.EclipseLogger - skip non existing resourceDirectory C:\Users\Anuraag.Arora\Documents\Automation Framework-Final worked on\eclipse-workspace\Web_Automation_POM_Framework\src\test\resources
2018-09-08 12:22:00,334 [Worker-11] WARN  o.e.m.c.i.embedder.EclipseLogger - Using platform encoding (Cp1252 actually) to copy filtered resources, i.e. build is platform dependent!
2018-09-08 12:22:00,343 [Worker-11] INFO  o.e.m.c.i.embedder.EclipseLogger - Copying 4 resources
2018-09-08 12:22:01,183 [Worker-11] WARN  o.e.m.c.i.embedder.EclipseLogger - Using platform encoding (Cp1252 actually) to copy filtered resources, i.e. build is platform dependent!
2018-09-08 12:22:01,186 [Worker-11] INFO  o.e.m.c.i.embedder.EclipseLogger - Copying 2 resources
2018-09-08 12:22:02,218 [Worker-11] INFO  o.e.m.c.i.embedder.EclipseLogger - Using 'UTF-8' encoding to copy filtered resources.
2018-09-08 12:22:02,221 [Worker-11] INFO  o.e.m.c.i.embedder.EclipseLogger - Copying 2 resources
2018-09-08 12:22:02,227 [Worker-11] INFO  o.e.m.c.i.embedder.EclipseLogger - Using 'UTF-8' encoding to copy filtered resources.
2018-09-08 12:22:02,227 [Worker-11] INFO  o.e.m.c.i.embedder.EclipseLogger - skip non existing resourceDirectory C:\Users\Anuraag.Arora\Documents\Automation Framework-Final worked on\eclipse-workspace\FreeCRM_Test\src\test\resources
2018-09-08 12:22:02,768 [Worker-11] INFO  o.e.m.c.i.embedder.EclipseLogger - Using 'UTF-8' encoding to copy filtered resources.
2018-09-08 12:22:02,771 [Worker-11] INFO  o.e.m.c.i.embedder.EclipseLogger - Copying 2 resources
2018-09-08 12:22:02,775 [Worker-11] INFO  o.e.m.c.i.embedder.EclipseLogger - Using 'UTF-8' encoding to copy filtered resources.
2018-09-08 12:22:02,776 [Worker-11] INFO  o.e.m.c.i.embedder.EclipseLogger - skip non existing resourceDirectory C:\Users\Anuraag.Arora\Documents\Automation Framework-Final worked on\eclipse-workspace\Web_Automation_POM_Framework\src\test\resources
2018-09-08 12:22:19,836 [Worker-11] WARN  o.e.m.c.i.embedder.EclipseLogger - Using platform encoding (Cp1252 actually) to copy filtered resources, i.e. build is platform dependent!
2018-09-08 12:22:19,839 [Worker-11] INFO  o.e.m.c.i.embedder.EclipseLogger - Copying 0 resource
2018-09-08 12:22:19,842 [Worker-11] WARN  o.e.m.c.i.embedder.EclipseLogger - Using platform encoding (Cp1252 actually) to copy filtered resources, i.e. build is platform dependent!
2018-09-08 12:22:19,845 [Worker-11] INFO  o.e.m.c.i.embedder.EclipseLogger - Copying 0 resource
2018-09-08 12:22:19,865 [Worker-11] INFO  o.e.m.c.i.embedder.EclipseLogger - Using 'UTF-8' encoding to copy filtered resources.
2018-09-08 12:22:19,866 [Worker-11] INFO  o.e.m.c.i.embedder.EclipseLogger - Copying 0 resource
2018-09-08 12:22:19,868 [Worker-11] INFO  o.e.m.c.i.embedder.EclipseLogger - Using 'UTF-8' encoding to copy filtered resources.
2018-09-08 12:22:19,868 [Worker-11] INFO  o.e.m.c.i.embedder.EclipseLogger - skip non existing resourceDirectory C:\Users\Anuraag.Arora\Documents\Automation Framework-Final worked on\eclipse-workspace\ForRidwaan\src\test\resources
2018-09-08 12:22:19,886 [Worker-11] INFO  o.e.m.c.i.embedder.EclipseLogger - Using 'UTF-8' encoding to copy filtered resources.
2018-09-08 12:22:19,886 [Worker-11] INFO  o.e.m.c.i.embedder.EclipseLogger - Copying 0 resource
2018-09-08 12:22:19,888 [Worker-11] INFO  o.e.m.c.i.embedder.EclipseLogger - Using 'UTF-8' encoding to copy filtered resources.
2018-09-08 12:22:19,888 [Worker-11] INFO  o.e.m.c.i.embedder.EclipseLogger - skip non existing resourceDirectory C:\Users\Anuraag.Arora\Documents\Automation Framework-Final worked on\eclipse-workspace\FreeCRM_Test\src\test\resources
2018-09-08 12:22:19,912 [Worker-11] INFO  o.e.m.c.i.embedder.EclipseLogger - Using 'UTF-8' encoding to copy filtered resources.
2018-09-08 12:22:19,913 [Worker-11] INFO  o.e.m.c.i.embedder.EclipseLogger - Copying 0 resource
2018-09-08 12:22:19,914 [Worker-11] INFO  o.e.m.c.i.embedder.EclipseLogger - Using 'UTF-8' encoding to copy filtered resources.
2018-09-08 12:22:19,915 [Worker-11] INFO  o.e.m.c.i.embedder.EclipseLogger - skip non existing resourceDirectory C:\Users\Anuraag.Arora\Documents\Automation Framework-Final worked on\eclipse-workspace\Web_Automation_POM_Framework\src\test\resources
